2022-03-19 21:38:33,817 INFO    MainThread:41884 [internal.py:wandb_internal():92] W&B internal server running at pid: 41884, started at: 2022-03-19 21:38:33.817369
2022-03-19 21:38:33,820 INFO    WriterThread:41884 [datastore.py:open_for_write():77] open: E:\project\nlp_cnn-main\wandb\run-20220319_213832-3tyyp2td\run-3tyyp2td.wandb
2022-03-19 21:38:33,823 DEBUG   SenderThread:41884 [sender.py:send():235] send: header
2022-03-19 21:38:33,823 DEBUG   SenderThread:41884 [sender.py:send():235] send: run
2022-03-19 21:38:34,222 INFO    SenderThread:41884 [dir_watcher.py:__init__():169] watching files in: E:\project\nlp_cnn-main\wandb\run-20220319_213832-3tyyp2td\files
2022-03-19 21:38:34,222 INFO    SenderThread:41884 [sender.py:_start_run_threads():812] run started: 3tyyp2td with start time 1647697113
2022-03-19 21:38:34,246 DEBUG   SenderThread:41884 [sender.py:send():235] send: summary
2022-03-19 21:38:34,247 INFO    SenderThread:41884 [sender.py:_save_file():947] saving file wandb-summary.json with policy end
2022-03-19 21:38:34,247 DEBUG   HandlerThread:41884 [handler.py:handle_request():141] handle_request: check_version
2022-03-19 21:38:34,248 DEBUG   SenderThread:41884 [sender.py:send_request():249] send_request: check_version
2022-03-19 21:38:34,782 DEBUG   HandlerThread:41884 [handler.py:handle_request():141] handle_request: run_start
2022-03-19 21:38:34,794 DEBUG   HandlerThread:41884 [meta.py:__init__():37] meta init
2022-03-19 21:38:34,794 DEBUG   HandlerThread:41884 [meta.py:__init__():51] meta init done
2022-03-19 21:38:34,794 DEBUG   HandlerThread:41884 [meta.py:probe():211] probe
2022-03-19 21:38:34,815 DEBUG   HandlerThread:41884 [meta.py:_save_pip():55] save pip
2022-03-19 21:38:34,816 DEBUG   HandlerThread:41884 [meta.py:_save_pip():69] save pip done
2022-03-19 21:38:34,816 DEBUG   HandlerThread:41884 [meta.py:_save_conda():76] save conda
2022-03-19 21:38:35,237 INFO    Thread-12 :41884 [dir_watcher.py:_on_file_created():217] file/dir created: E:\project\nlp_cnn-main\wandb\run-20220319_213832-3tyyp2td\files\conda-environment.yaml
2022-03-19 21:38:35,237 INFO    Thread-12 :41884 [dir_watcher.py:_on_file_created():217] file/dir created: E:\project\nlp_cnn-main\wandb\run-20220319_213832-3tyyp2td\files\requirements.txt
2022-03-19 21:38:35,237 INFO    Thread-12 :41884 [dir_watcher.py:_on_file_created():217] file/dir created: E:\project\nlp_cnn-main\wandb\run-20220319_213832-3tyyp2td\files\wandb-summary.json
2022-03-19 21:38:36,652 DEBUG   HandlerThread:41884 [meta.py:_save_conda():86] save conda done
2022-03-19 21:38:36,652 DEBUG   HandlerThread:41884 [meta.py:probe():249] probe done
2022-03-19 21:38:36,657 DEBUG   SenderThread:41884 [sender.py:send():235] send: files
2022-03-19 21:38:36,657 INFO    SenderThread:41884 [sender.py:_save_file():947] saving file wandb-metadata.json with policy now
2022-03-19 21:38:36,664 DEBUG   HandlerThread:41884 [handler.py:handle_request():141] handle_request: stop_status
2022-03-19 21:38:36,664 DEBUG   SenderThread:41884 [sender.py:send_request():249] send_request: stop_status
2022-03-19 21:38:36,963 DEBUG   SenderThread:41884 [sender.py:send():235] send: telemetry
2022-03-19 21:38:37,249 INFO    Thread-12 :41884 [dir_watcher.py:_on_file_modified():230] file/dir modified: E:\project\nlp_cnn-main\wandb\run-20220319_213832-3tyyp2td\files\conda-environment.yaml
2022-03-19 21:38:37,250 INFO    Thread-12 :41884 [dir_watcher.py:_on_file_created():217] file/dir created: E:\project\nlp_cnn-main\wandb\run-20220319_213832-3tyyp2td\files\output.log
2022-03-19 21:38:37,250 INFO    Thread-12 :41884 [dir_watcher.py:_on_file_created():217] file/dir created: E:\project\nlp_cnn-main\wandb\run-20220319_213832-3tyyp2td\files\wandb-metadata.json
2022-03-19 21:38:37,529 INFO    Thread-16 :41884 [upload_job.py:push():137] Uploaded file C:\Users\chris\AppData\Local\Temp\tmpmjchan06wandb\1l1uxhnj-wandb-metadata.json
2022-03-19 21:38:39,266 INFO    Thread-12 :41884 [dir_watcher.py:_on_file_modified():230] file/dir modified: E:\project\nlp_cnn-main\wandb\run-20220319_213832-3tyyp2td\files\output.log
2022-03-19 21:38:52,175 DEBUG   HandlerThread:41884 [handler.py:handle_request():141] handle_request: stop_status
2022-03-19 21:38:52,175 DEBUG   SenderThread:41884 [sender.py:send_request():249] send_request: stop_status
2022-03-19 21:38:56,429 INFO    Thread-12 :41884 [dir_watcher.py:_on_file_modified():230] file/dir modified: E:\project\nlp_cnn-main\wandb\run-20220319_213832-3tyyp2td\files\output.log
2022-03-19 21:39:05,512 INFO    Thread-12 :41884 [dir_watcher.py:_on_file_modified():230] file/dir modified: E:\project\nlp_cnn-main\wandb\run-20220319_213832-3tyyp2td\files\config.yaml
2022-03-19 21:39:05,818 DEBUG   SenderThread:41884 [sender.py:send():235] send: stats
2022-03-19 21:39:07,726 DEBUG   HandlerThread:41884 [handler.py:handle_request():141] handle_request: stop_status
2022-03-19 21:39:07,726 DEBUG   SenderThread:41884 [sender.py:send_request():249] send_request: stop_status
2022-03-19 21:39:16,625 INFO    Thread-12 :41884 [dir_watcher.py:_on_file_modified():230] file/dir modified: E:\project\nlp_cnn-main\wandb\run-20220319_213832-3tyyp2td\files\output.log
2022-03-19 21:39:23,094 DEBUG   HandlerThread:41884 [handler.py:handle_request():141] handle_request: stop_status
2022-03-19 21:39:23,095 DEBUG   SenderThread:41884 [sender.py:send_request():249] send_request: stop_status
2022-03-19 21:39:38,498 DEBUG   HandlerThread:41884 [handler.py:handle_request():141] handle_request: stop_status
2022-03-19 21:39:38,498 DEBUG   SenderThread:41884 [sender.py:send_request():249] send_request: stop_status
2022-03-19 21:39:38,948 DEBUG   SenderThread:41884 [sender.py:send():235] send: stats
2022-03-19 21:39:53,821 DEBUG   HandlerThread:41884 [handler.py:handle_request():141] handle_request: stop_status
2022-03-19 21:39:53,822 DEBUG   SenderThread:41884 [sender.py:send_request():249] send_request: stop_status
2022-03-19 21:39:57,461 ERROR   SenderThread:41884 [retry.py:__call__():126] Retry attempt failed:
Traceback (most recent call last):
  File "D:\app\conda\envs\pytorch\lib\site-packages\urllib3\connectionpool.py", line 700, in urlopen
    self._prepare_proxy(conn)
  File "D:\app\conda\envs\pytorch\lib\site-packages\urllib3\connectionpool.py", line 994, in _prepare_proxy
    conn.connect()
  File "D:\app\conda\envs\pytorch\lib\site-packages\urllib3\connection.py", line 364, in connect
    conn = self._connect_tls_proxy(hostname, conn)
  File "D:\app\conda\envs\pytorch\lib\site-packages\urllib3\connection.py", line 501, in _connect_tls_proxy
    socket = ssl_wrap_socket(
  File "D:\app\conda\envs\pytorch\lib\site-packages\urllib3\util\ssl_.py", line 453, in ssl_wrap_socket
    ssl_sock = _ssl_wrap_socket_impl(sock, context, tls_in_tls)
  File "D:\app\conda\envs\pytorch\lib\site-packages\urllib3\util\ssl_.py", line 495, in _ssl_wrap_socket_impl
    return ssl_context.wrap_socket(sock)
  File "D:\app\conda\envs\pytorch\lib\ssl.py", line 500, in wrap_socket
    return self.sslsocket_class._create(
  File "D:\app\conda\envs\pytorch\lib\ssl.py", line 1040, in _create
    self.do_handshake()
  File "D:\app\conda\envs\pytorch\lib\ssl.py", line 1309, in do_handshake
    self._sslobj.do_handshake()
ssl.SSLEOFError: EOF occurred in violation of protocol (_ssl.c:1131)

During handling of the above exception, another exception occurred:

Traceback (most recent call last):
  File "D:\app\conda\envs\pytorch\lib\site-packages\requests\adapters.py", line 440, in send
    resp = conn.urlopen(
  File "D:\app\conda\envs\pytorch\lib\site-packages\urllib3\connectionpool.py", line 785, in urlopen
    retries = retries.increment(
  File "D:\app\conda\envs\pytorch\lib\site-packages\urllib3\util\retry.py", line 592, in increment
    raise MaxRetryError(_pool, url, error or ResponseError(cause))
urllib3.exceptions.MaxRetryError: HTTPSConnectionPool(host='api.wandb.ai', port=443): Max retries exceeded with url: /graphql (Caused by SSLError(SSLEOFError(8, 'EOF occurred in violation of protocol (_ssl.c:1131)')))

During handling of the above exception, another exception occurred:

Traceback (most recent call last):
  File "D:\app\conda\envs\pytorch\lib\site-packages\wandb\sdk\lib\retry.py", line 102, in __call__
    result = self._call_fn(*args, **kwargs)
  File "D:\app\conda\envs\pytorch\lib\site-packages\wandb\sdk\internal\internal_api.py", line 140, in execute
    return self.client.execute(*args, **kwargs)
  File "D:\app\conda\envs\pytorch\lib\site-packages\wandb\vendor\gql-0.2.0\wandb_gql\client.py", line 52, in execute
    result = self._get_result(document, *args, **kwargs)
  File "D:\app\conda\envs\pytorch\lib\site-packages\wandb\vendor\gql-0.2.0\wandb_gql\client.py", line 60, in _get_result
    return self.transport.execute(document, *args, **kwargs)
  File "D:\app\conda\envs\pytorch\lib\site-packages\wandb\vendor\gql-0.2.0\wandb_gql\transport\requests.py", line 38, in execute
    request = requests.post(self.url, **post_args)
  File "D:\app\conda\envs\pytorch\lib\site-packages\requests\api.py", line 117, in post
    return request('post', url, data=data, json=json, **kwargs)
  File "D:\app\conda\envs\pytorch\lib\site-packages\requests\api.py", line 61, in request
    return session.request(method=method, url=url, **kwargs)
  File "D:\app\conda\envs\pytorch\lib\site-packages\requests\sessions.py", line 529, in request
    resp = self.send(prep, **send_kwargs)
  File "D:\app\conda\envs\pytorch\lib\site-packages\requests\sessions.py", line 645, in send
    r = adapter.send(request, **kwargs)
  File "D:\app\conda\envs\pytorch\lib\site-packages\requests\adapters.py", line 517, in send
    raise SSLError(e, request=request)
requests.exceptions.SSLError: HTTPSConnectionPool(host='api.wandb.ai', port=443): Max retries exceeded with url: /graphql (Caused by SSLError(SSLEOFError(8, 'EOF occurred in violation of protocol (_ssl.c:1131)')))
2022-03-19 21:40:09,243 WARNING FileStreamThread:41884 [file_stream.py:request_with_retry():594] requests_with_retry encountered retryable exception: HTTPSConnectionPool(host='api.wandb.ai', port=443): Max retries exceeded with url: /files/8christmas8/nlp_cnn/3tyyp2td/file_stream (Caused by SSLError(SSLEOFError(8, 'EOF occurred in violation of protocol (_ssl.c:1131)'))). func: <bound method Session.post of <requests.sessions.Session object at 0x000001B1B3C386A0>>, args: ('https://api.wandb.ai/files/8christmas8/nlp_cnn/3tyyp2td/file_stream',), kwargs: {'json': {'complete': False, 'failed': False, 'dropped': 0, 'uploaded': []}}
2022-03-19 21:40:11,317 WARNING FileStreamThread:41884 [file_stream.py:request_with_retry():594] requests_with_retry encountered retryable exception: HTTPSConnectionPool(host='api.wandb.ai', port=443): Max retries exceeded with url: /files/8christmas8/nlp_cnn/3tyyp2td/file_stream (Caused by SSLError(SSLEOFError(8, 'EOF occurred in violation of protocol (_ssl.c:1131)'))). func: <bound method Session.post of <requests.sessions.Session object at 0x000001B1B3C386A0>>, args: ('https://api.wandb.ai/files/8christmas8/nlp_cnn/3tyyp2td/file_stream',), kwargs: {'json': {'complete': False, 'failed': False, 'dropped': 0, 'uploaded': []}}
2022-03-19 21:40:13,843 DEBUG   HandlerThread:41884 [handler.py:handle_request():141] handle_request: stop_status
2022-03-19 21:40:16,083 WARNING FileStreamThread:41884 [file_stream.py:request_with_retry():594] requests_with_retry encountered retryable exception: HTTPSConnectionPool(host='api.wandb.ai', port=443): Max retries exceeded with url: /files/8christmas8/nlp_cnn/3tyyp2td/file_stream (Caused by SSLError(SSLEOFError(8, 'EOF occurred in violation of protocol (_ssl.c:1131)'))). func: <bound method Session.post of <requests.sessions.Session object at 0x000001B1B3C386A0>>, args: ('https://api.wandb.ai/files/8christmas8/nlp_cnn/3tyyp2td/file_stream',), kwargs: {'json': {'complete': False, 'failed': False, 'dropped': 0, 'uploaded': []}}
2022-03-19 21:40:25,511 WARNING FileStreamThread:41884 [file_stream.py:request_with_retry():594] requests_with_retry encountered retryable exception: HTTPSConnectionPool(host='api.wandb.ai', port=443): Max retries exceeded with url: /files/8christmas8/nlp_cnn/3tyyp2td/file_stream (Caused by SSLError(SSLEOFError(8, 'EOF occurred in violation of protocol (_ssl.c:1131)'))). func: <bound method Session.post of <requests.sessions.Session object at 0x000001B1B3C386A0>>, args: ('https://api.wandb.ai/files/8christmas8/nlp_cnn/3tyyp2td/file_stream',), kwargs: {'json': {'complete': False, 'failed': False, 'dropped': 0, 'uploaded': []}}
2022-03-19 21:40:33,867 DEBUG   HandlerThread:41884 [handler.py:handle_request():141] handle_request: stop_status
2022-03-19 21:40:44,441 WARNING FileStreamThread:41884 [file_stream.py:request_with_retry():594] requests_with_retry encountered retryable exception: HTTPSConnectionPool(host='api.wandb.ai', port=443): Max retries exceeded with url: /files/8christmas8/nlp_cnn/3tyyp2td/file_stream (Caused by SSLError(SSLEOFError(8, 'EOF occurred in violation of protocol (_ssl.c:1131)'))). func: <bound method Session.post of <requests.sessions.Session object at 0x000001B1B3C386A0>>, args: ('https://api.wandb.ai/files/8christmas8/nlp_cnn/3tyyp2td/file_stream',), kwargs: {'json': {'complete': False, 'failed': False, 'dropped': 0, 'uploaded': []}}
2022-03-19 21:40:53,876 DEBUG   HandlerThread:41884 [handler.py:handle_request():141] handle_request: stop_status
2022-03-19 21:41:13,896 DEBUG   HandlerThread:41884 [handler.py:handle_request():141] handle_request: stop_status
2022-03-19 21:41:18,331 WARNING FileStreamThread:41884 [file_stream.py:request_with_retry():594] requests_with_retry encountered retryable exception: HTTPSConnectionPool(host='api.wandb.ai', port=443): Max retries exceeded with url: /files/8christmas8/nlp_cnn/3tyyp2td/file_stream (Caused by SSLError(SSLEOFError(8, 'EOF occurred in violation of protocol (_ssl.c:1131)'))). func: <bound method Session.post of <requests.sessions.Session object at 0x000001B1B3C386A0>>, args: ('https://api.wandb.ai/files/8christmas8/nlp_cnn/3tyyp2td/file_stream',), kwargs: {'json': {'complete': False, 'failed': False, 'dropped': 0, 'uploaded': []}}
2022-03-19 21:41:33,915 DEBUG   HandlerThread:41884 [handler.py:handle_request():141] handle_request: stop_status
2022-03-19 21:41:52,121 WARNING MainThread:41884 [internal.py:wandb_internal():155] Internal process interrupt: 1
2022-03-19 21:41:57,156 WARNING MainThread:41884 [internal.py:is_dead():387] Internal process exiting, parent pid 46524 disappeared
2022-03-19 21:41:57,156 ERROR   MainThread:41884 [internal.py:wandb_internal():151] Internal process shutdown.
2022-03-19 21:41:57,950 INFO    WriterThread:41884 [datastore.py:close():281] close: E:\project\nlp_cnn-main\wandb\run-20220319_213832-3tyyp2td\run-3tyyp2td.wandb
2022-03-19 21:41:57,951 INFO    HandlerThread:41884 [handler.py:finish():778] shutting down handler
2022-03-19 21:42:30,386 WARNING FileStreamThread:41884 [file_stream.py:request_with_retry():594] requests_with_retry encountered retryable exception: HTTPSConnectionPool(host='api.wandb.ai', port=443): Max retries exceeded with url: /files/8christmas8/nlp_cnn/3tyyp2td/file_stream (Caused by SSLError(SSLEOFError(8, 'EOF occurred in violation of protocol (_ssl.c:1131)'))). func: <bound method Session.post of <requests.sessions.Session object at 0x000001B1B3C386A0>>, args: ('https://api.wandb.ai/files/8christmas8/nlp_cnn/3tyyp2td/file_stream',), kwargs: {'json': {'complete': False, 'failed': False, 'dropped': 0, 'uploaded': []}}
2022-03-19 21:44:28,930 INFO    SenderThread:41884 [sender.py:finish():1078] shutting down sender
2022-03-19 21:44:28,931 INFO    SenderThread:41884 [dir_watcher.py:finish():283] shutting down directory watcher
2022-03-19 21:44:29,771 INFO    SenderThread:41884 [dir_watcher.py:finish():313] scan: E:\project\nlp_cnn-main\wandb\run-20220319_213832-3tyyp2td\files
2022-03-19 21:44:29,771 INFO    SenderThread:41884 [dir_watcher.py:finish():327] scan save: E:\project\nlp_cnn-main\wandb\run-20220319_213832-3tyyp2td\files\conda-environment.yaml conda-environment.yaml
2022-03-19 21:44:29,771 INFO    SenderThread:41884 [dir_watcher.py:finish():327] scan save: E:\project\nlp_cnn-main\wandb\run-20220319_213832-3tyyp2td\files\config.yaml config.yaml
2022-03-19 21:44:29,772 INFO    SenderThread:41884 [dir_watcher.py:finish():327] scan save: E:\project\nlp_cnn-main\wandb\run-20220319_213832-3tyyp2td\files\output.log output.log
2022-03-19 21:44:29,777 INFO    SenderThread:41884 [dir_watcher.py:finish():327] scan save: E:\project\nlp_cnn-main\wandb\run-20220319_213832-3tyyp2td\files\requirements.txt requirements.txt
2022-03-19 21:44:29,782 INFO    SenderThread:41884 [dir_watcher.py:finish():327] scan save: E:\project\nlp_cnn-main\wandb\run-20220319_213832-3tyyp2td\files\wandb-metadata.json wandb-metadata.json
2022-03-19 21:44:29,786 INFO    SenderThread:41884 [dir_watcher.py:finish():327] scan save: E:\project\nlp_cnn-main\wandb\run-20220319_213832-3tyyp2td\files\wandb-summary.json wandb-summary.json
2022-03-19 21:44:29,792 INFO    SenderThread:41884 [file_pusher.py:finish():145] shutting down file pusher
2022-03-19 21:44:29,792 INFO    SenderThread:41884 [file_pusher.py:join():150] waiting for file pusher
2022-03-19 21:44:30,587 INFO    Thread-21 :41884 [upload_job.py:push():137] Uploaded file E:\project\nlp_cnn-main\wandb\run-20220319_213832-3tyyp2td\files\wandb-summary.json
2022-03-19 21:44:30,588 INFO    Thread-17 :41884 [upload_job.py:push():137] Uploaded file E:\project\nlp_cnn-main\wandb\run-20220319_213832-3tyyp2td\files\conda-environment.yaml
2022-03-19 21:44:30,644 INFO    Thread-18 :41884 [upload_job.py:push():137] Uploaded file E:\project\nlp_cnn-main\wandb\run-20220319_213832-3tyyp2td\files\config.yaml
2022-03-19 21:44:30,717 INFO    Thread-20 :41884 [upload_job.py:push():137] Uploaded file E:\project\nlp_cnn-main\wandb\run-20220319_213832-3tyyp2td\files\requirements.txt
2022-03-19 21:44:30,929 INFO    Thread-19 :41884 [upload_job.py:push():137] Uploaded file E:\project\nlp_cnn-main\wandb\run-20220319_213832-3tyyp2td\files\output.log
2022-03-19 21:45:08,817 WARNING FileStreamThread:41884 [file_stream.py:request_with_retry():594] requests_with_retry encountered retryable exception: ('Connection aborted.', TimeoutError(10060, '由于连接方在一段时间后没有正确答复或连接的主机没有反应，连接尝试失败。', None, 10060, None)). func: <bound method Session.post of <requests.sessions.Session object at 0x000001B1B3C386A0>>, args: ('https://api.wandb.ai/files/8christmas8/nlp_cnn/3tyyp2td/file_stream',), kwargs: {'json': {'complete': False, 'failed': False, 'dropped': 0, 'uploaded': []}}
