2022-03-27 11:09:35,182 INFO    MainThread:50944 [internal.py:wandb_internal():92] W&B internal server running at pid: 50944, started at: 2022-03-27 11:09:35.182815
2022-03-27 11:09:35,185 INFO    WriterThread:50944 [datastore.py:open_for_write():77] open: E:\project\nlp_cnn-main\wandb\run-20220327_110934-k22fs9ja\run-k22fs9ja.wandb
2022-03-27 11:09:35,188 DEBUG   SenderThread:50944 [sender.py:send():235] send: header
2022-03-27 11:09:35,188 DEBUG   SenderThread:50944 [sender.py:send():235] send: run
2022-03-27 11:09:35,526 INFO    SenderThread:50944 [dir_watcher.py:__init__():169] watching files in: E:\project\nlp_cnn-main\wandb\run-20220327_110934-k22fs9ja\files
2022-03-27 11:09:35,526 INFO    SenderThread:50944 [sender.py:_start_run_threads():812] run started: k22fs9ja with start time 1648350574
2022-03-27 11:09:35,545 DEBUG   SenderThread:50944 [sender.py:send():235] send: summary
2022-03-27 11:09:35,546 INFO    SenderThread:50944 [sender.py:_save_file():947] saving file wandb-summary.json with policy end
2022-03-27 11:09:35,550 DEBUG   HandlerThread:50944 [handler.py:handle_request():141] handle_request: check_version
2022-03-27 11:09:35,550 DEBUG   SenderThread:50944 [sender.py:send_request():249] send_request: check_version
2022-03-27 11:09:36,084 DEBUG   HandlerThread:50944 [handler.py:handle_request():141] handle_request: run_start
2022-03-27 11:09:36,099 DEBUG   HandlerThread:50944 [meta.py:__init__():37] meta init
2022-03-27 11:09:36,099 DEBUG   HandlerThread:50944 [meta.py:__init__():51] meta init done
2022-03-27 11:09:36,099 DEBUG   HandlerThread:50944 [meta.py:probe():211] probe
2022-03-27 11:09:36,109 DEBUG   HandlerThread:50944 [meta.py:_save_pip():55] save pip
2022-03-27 11:09:36,110 DEBUG   HandlerThread:50944 [meta.py:_save_pip():69] save pip done
2022-03-27 11:09:36,110 DEBUG   HandlerThread:50944 [meta.py:_save_conda():76] save conda
2022-03-27 11:09:36,543 INFO    Thread-12 :50944 [dir_watcher.py:_on_file_created():217] file/dir created: E:\project\nlp_cnn-main\wandb\run-20220327_110934-k22fs9ja\files\wandb-summary.json
2022-03-27 11:09:36,543 INFO    Thread-12 :50944 [dir_watcher.py:_on_file_created():217] file/dir created: E:\project\nlp_cnn-main\wandb\run-20220327_110934-k22fs9ja\files\conda-environment.yaml
2022-03-27 11:09:36,544 INFO    Thread-12 :50944 [dir_watcher.py:_on_file_created():217] file/dir created: E:\project\nlp_cnn-main\wandb\run-20220327_110934-k22fs9ja\files\requirements.txt
2022-03-27 11:09:38,006 DEBUG   HandlerThread:50944 [meta.py:_save_conda():86] save conda done
2022-03-27 11:09:38,006 DEBUG   HandlerThread:50944 [meta.py:probe():249] probe done
2022-03-27 11:09:38,011 DEBUG   SenderThread:50944 [sender.py:send():235] send: files
2022-03-27 11:09:38,011 INFO    SenderThread:50944 [sender.py:_save_file():947] saving file wandb-metadata.json with policy now
2022-03-27 11:09:38,017 DEBUG   HandlerThread:50944 [handler.py:handle_request():141] handle_request: stop_status
2022-03-27 11:09:38,017 DEBUG   SenderThread:50944 [sender.py:send_request():249] send_request: stop_status
2022-03-27 11:09:38,349 DEBUG   SenderThread:50944 [sender.py:send():235] send: telemetry
2022-03-27 11:09:38,551 INFO    Thread-12 :50944 [dir_watcher.py:_on_file_modified():230] file/dir modified: E:\project\nlp_cnn-main\wandb\run-20220327_110934-k22fs9ja\files\conda-environment.yaml
2022-03-27 11:09:38,551 INFO    Thread-12 :50944 [dir_watcher.py:_on_file_created():217] file/dir created: E:\project\nlp_cnn-main\wandb\run-20220327_110934-k22fs9ja\files\output.log
2022-03-27 11:09:38,552 INFO    Thread-12 :50944 [dir_watcher.py:_on_file_created():217] file/dir created: E:\project\nlp_cnn-main\wandb\run-20220327_110934-k22fs9ja\files\wandb-metadata.json
2022-03-27 11:09:38,873 INFO    Thread-16 :50944 [upload_job.py:push():137] Uploaded file C:\Users\chris\AppData\Local\Temp\tmp1blo6x7_wandb\ukzt08kc-wandb-metadata.json
2022-03-27 11:09:40,569 INFO    Thread-12 :50944 [dir_watcher.py:_on_file_modified():230] file/dir modified: E:\project\nlp_cnn-main\wandb\run-20220327_110934-k22fs9ja\files\output.log
2022-03-27 11:09:44,606 INFO    Thread-12 :50944 [dir_watcher.py:_on_file_modified():230] file/dir modified: E:\project\nlp_cnn-main\wandb\run-20220327_110934-k22fs9ja\files\output.log
2022-03-27 11:09:53,365 DEBUG   HandlerThread:50944 [handler.py:handle_request():141] handle_request: stop_status
2022-03-27 11:09:53,367 DEBUG   SenderThread:50944 [sender.py:send_request():249] send_request: stop_status
2022-03-27 11:10:06,787 INFO    Thread-12 :50944 [dir_watcher.py:_on_file_modified():230] file/dir modified: E:\project\nlp_cnn-main\wandb\run-20220327_110934-k22fs9ja\files\config.yaml
2022-03-27 11:10:07,032 DEBUG   SenderThread:50944 [sender.py:send():235] send: stats
2022-03-27 11:10:08,689 DEBUG   HandlerThread:50944 [handler.py:handle_request():141] handle_request: stop_status
2022-03-27 11:10:08,689 DEBUG   SenderThread:50944 [sender.py:send_request():249] send_request: stop_status
2022-03-27 11:10:23,975 DEBUG   HandlerThread:50944 [handler.py:handle_request():141] handle_request: stop_status
2022-03-27 11:10:23,975 DEBUG   SenderThread:50944 [sender.py:send_request():249] send_request: stop_status
2022-03-27 11:10:39,353 DEBUG   HandlerThread:50944 [handler.py:handle_request():141] handle_request: stop_status
2022-03-27 11:10:39,353 DEBUG   SenderThread:50944 [sender.py:send_request():249] send_request: stop_status
2022-03-27 11:10:40,090 DEBUG   SenderThread:50944 [sender.py:send():235] send: stats
2022-03-27 11:10:54,684 DEBUG   HandlerThread:50944 [handler.py:handle_request():141] handle_request: stop_status
2022-03-27 11:10:54,685 DEBUG   SenderThread:50944 [sender.py:send_request():249] send_request: stop_status
2022-03-27 11:10:57,996 ERROR   SenderThread:50944 [retry.py:__call__():126] Retry attempt failed:
Traceback (most recent call last):
  File "D:\app\conda\envs\pytorch\lib\site-packages\urllib3\connectionpool.py", line 700, in urlopen
    self._prepare_proxy(conn)
  File "D:\app\conda\envs\pytorch\lib\site-packages\urllib3\connectionpool.py", line 994, in _prepare_proxy
    conn.connect()
  File "D:\app\conda\envs\pytorch\lib\site-packages\urllib3\connection.py", line 364, in connect
    conn = self._connect_tls_proxy(hostname, conn)
  File "D:\app\conda\envs\pytorch\lib\site-packages\urllib3\connection.py", line 501, in _connect_tls_proxy
    socket = ssl_wrap_socket(
  File "D:\app\conda\envs\pytorch\lib\site-packages\urllib3\util\ssl_.py", line 453, in ssl_wrap_socket
    ssl_sock = _ssl_wrap_socket_impl(sock, context, tls_in_tls)
  File "D:\app\conda\envs\pytorch\lib\site-packages\urllib3\util\ssl_.py", line 495, in _ssl_wrap_socket_impl
    return ssl_context.wrap_socket(sock)
  File "D:\app\conda\envs\pytorch\lib\ssl.py", line 500, in wrap_socket
    return self.sslsocket_class._create(
  File "D:\app\conda\envs\pytorch\lib\ssl.py", line 1040, in _create
    self.do_handshake()
  File "D:\app\conda\envs\pytorch\lib\ssl.py", line 1309, in do_handshake
    self._sslobj.do_handshake()
ssl.SSLEOFError: EOF occurred in violation of protocol (_ssl.c:1131)

During handling of the above exception, another exception occurred:

Traceback (most recent call last):
  File "D:\app\conda\envs\pytorch\lib\site-packages\requests\adapters.py", line 440, in send
    resp = conn.urlopen(
  File "D:\app\conda\envs\pytorch\lib\site-packages\urllib3\connectionpool.py", line 785, in urlopen
    retries = retries.increment(
  File "D:\app\conda\envs\pytorch\lib\site-packages\urllib3\util\retry.py", line 592, in increment
    raise MaxRetryError(_pool, url, error or ResponseError(cause))
urllib3.exceptions.MaxRetryError: HTTPSConnectionPool(host='api.wandb.ai', port=443): Max retries exceeded with url: /graphql (Caused by SSLError(SSLEOFError(8, 'EOF occurred in violation of protocol (_ssl.c:1131)')))

During handling of the above exception, another exception occurred:

Traceback (most recent call last):
  File "D:\app\conda\envs\pytorch\lib\site-packages\wandb\sdk\lib\retry.py", line 102, in __call__
    result = self._call_fn(*args, **kwargs)
  File "D:\app\conda\envs\pytorch\lib\site-packages\wandb\sdk\internal\internal_api.py", line 140, in execute
    return self.client.execute(*args, **kwargs)
  File "D:\app\conda\envs\pytorch\lib\site-packages\wandb\vendor\gql-0.2.0\wandb_gql\client.py", line 52, in execute
    result = self._get_result(document, *args, **kwargs)
  File "D:\app\conda\envs\pytorch\lib\site-packages\wandb\vendor\gql-0.2.0\wandb_gql\client.py", line 60, in _get_result
    return self.transport.execute(document, *args, **kwargs)
  File "D:\app\conda\envs\pytorch\lib\site-packages\wandb\vendor\gql-0.2.0\wandb_gql\transport\requests.py", line 38, in execute
    request = requests.post(self.url, **post_args)
  File "D:\app\conda\envs\pytorch\lib\site-packages\requests\api.py", line 117, in post
    return request('post', url, data=data, json=json, **kwargs)
  File "D:\app\conda\envs\pytorch\lib\site-packages\requests\api.py", line 61, in request
    return session.request(method=method, url=url, **kwargs)
  File "D:\app\conda\envs\pytorch\lib\site-packages\requests\sessions.py", line 529, in request
    resp = self.send(prep, **send_kwargs)
  File "D:\app\conda\envs\pytorch\lib\site-packages\requests\sessions.py", line 645, in send
    r = adapter.send(request, **kwargs)
  File "D:\app\conda\envs\pytorch\lib\site-packages\requests\adapters.py", line 517, in send
    raise SSLError(e, request=request)
requests.exceptions.SSLError: HTTPSConnectionPool(host='api.wandb.ai', port=443): Max retries exceeded with url: /graphql (Caused by SSLError(SSLEOFError(8, 'EOF occurred in violation of protocol (_ssl.c:1131)')))
2022-03-27 11:11:10,376 WARNING FileStreamThread:50944 [file_stream.py:request_with_retry():594] requests_with_retry encountered retryable exception: HTTPSConnectionPool(host='api.wandb.ai', port=443): Max retries exceeded with url: /files/8christmas8/nlp_cnn/k22fs9ja/file_stream (Caused by SSLError(SSLEOFError(8, 'EOF occurred in violation of protocol (_ssl.c:1131)'))). func: <bound method Session.post of <requests.sessions.Session object at 0x0000025EB704B070>>, args: ('https://api.wandb.ai/files/8christmas8/nlp_cnn/k22fs9ja/file_stream',), kwargs: {'json': {'complete': False, 'failed': False, 'dropped': 0, 'uploaded': []}}
2022-03-27 11:11:12,828 WARNING FileStreamThread:50944 [file_stream.py:request_with_retry():594] requests_with_retry encountered retryable exception: HTTPSConnectionPool(host='api.wandb.ai', port=443): Max retries exceeded with url: /files/8christmas8/nlp_cnn/k22fs9ja/file_stream (Caused by SSLError(SSLEOFError(8, 'EOF occurred in violation of protocol (_ssl.c:1131)'))). func: <bound method Session.post of <requests.sessions.Session object at 0x0000025EB704B070>>, args: ('https://api.wandb.ai/files/8christmas8/nlp_cnn/k22fs9ja/file_stream',), kwargs: {'json': {'complete': False, 'failed': False, 'dropped': 0, 'uploaded': []}}
2022-03-27 11:11:14,710 DEBUG   HandlerThread:50944 [handler.py:handle_request():141] handle_request: stop_status
2022-03-27 11:11:17,682 WARNING FileStreamThread:50944 [file_stream.py:request_with_retry():594] requests_with_retry encountered retryable exception: HTTPSConnectionPool(host='api.wandb.ai', port=443): Max retries exceeded with url: /files/8christmas8/nlp_cnn/k22fs9ja/file_stream (Caused by SSLError(SSLEOFError(8, 'EOF occurred in violation of protocol (_ssl.c:1131)'))). func: <bound method Session.post of <requests.sessions.Session object at 0x0000025EB704B070>>, args: ('https://api.wandb.ai/files/8christmas8/nlp_cnn/k22fs9ja/file_stream',), kwargs: {'json': {'complete': False, 'failed': False, 'dropped': 0, 'uploaded': []}}
2022-03-27 11:11:26,535 WARNING FileStreamThread:50944 [file_stream.py:request_with_retry():594] requests_with_retry encountered retryable exception: HTTPSConnectionPool(host='api.wandb.ai', port=443): Max retries exceeded with url: /files/8christmas8/nlp_cnn/k22fs9ja/file_stream (Caused by SSLError(SSLEOFError(8, 'EOF occurred in violation of protocol (_ssl.c:1131)'))). func: <bound method Session.post of <requests.sessions.Session object at 0x0000025EB704B070>>, args: ('https://api.wandb.ai/files/8christmas8/nlp_cnn/k22fs9ja/file_stream',), kwargs: {'json': {'complete': False, 'failed': False, 'dropped': 0, 'uploaded': []}}
2022-03-27 11:11:34,724 DEBUG   HandlerThread:50944 [handler.py:handle_request():141] handle_request: stop_status
2022-03-27 11:11:42,625 WARNING FileStreamThread:50944 [file_stream.py:request_with_retry():594] requests_with_retry encountered retryable exception: HTTPSConnectionPool(host='api.wandb.ai', port=443): Max retries exceeded with url: /files/8christmas8/nlp_cnn/k22fs9ja/file_stream (Caused by SSLError(SSLEOFError(8, 'EOF occurred in violation of protocol (_ssl.c:1131)'))). func: <bound method Session.post of <requests.sessions.Session object at 0x0000025EB704B070>>, args: ('https://api.wandb.ai/files/8christmas8/nlp_cnn/k22fs9ja/file_stream',), kwargs: {'json': {'complete': False, 'failed': False, 'dropped': 0, 'uploaded': []}}
2022-03-27 11:11:54,732 DEBUG   HandlerThread:50944 [handler.py:handle_request():141] handle_request: stop_status
2022-03-27 11:12:14,747 DEBUG   HandlerThread:50944 [handler.py:handle_request():141] handle_request: stop_status
2022-03-27 11:12:19,812 WARNING FileStreamThread:50944 [file_stream.py:request_with_retry():594] requests_with_retry encountered retryable exception: HTTPSConnectionPool(host='api.wandb.ai', port=443): Max retries exceeded with url: /files/8christmas8/nlp_cnn/k22fs9ja/file_stream (Caused by SSLError(SSLEOFError(8, 'EOF occurred in violation of protocol (_ssl.c:1131)'))). func: <bound method Session.post of <requests.sessions.Session object at 0x0000025EB704B070>>, args: ('https://api.wandb.ai/files/8christmas8/nlp_cnn/k22fs9ja/file_stream',), kwargs: {'json': {'complete': False, 'failed': False, 'dropped': 0, 'uploaded': []}}
2022-03-27 11:12:34,764 DEBUG   HandlerThread:50944 [handler.py:handle_request():141] handle_request: stop_status
2022-03-27 11:12:53,525 WARNING MainThread:50944 [internal.py:wandb_internal():155] Internal process interrupt: 1
2022-03-27 11:12:58,569 WARNING MainThread:50944 [internal.py:is_dead():387] Internal process exiting, parent pid 47028 disappeared
2022-03-27 11:12:58,569 ERROR   MainThread:50944 [internal.py:wandb_internal():151] Internal process shutdown.
2022-03-27 11:12:59,350 INFO    WriterThread:50944 [datastore.py:close():281] close: E:\project\nlp_cnn-main\wandb\run-20220327_110934-k22fs9ja\run-k22fs9ja.wandb
2022-03-27 11:12:59,350 INFO    HandlerThread:50944 [handler.py:finish():778] shutting down handler
2022-03-27 11:13:19,764 INFO    SenderThread:50944 [sender.py:finish():1078] shutting down sender
2022-03-27 11:13:19,764 INFO    SenderThread:50944 [dir_watcher.py:finish():283] shutting down directory watcher
2022-03-27 11:13:20,669 INFO    SenderThread:50944 [dir_watcher.py:finish():313] scan: E:\project\nlp_cnn-main\wandb\run-20220327_110934-k22fs9ja\files
2022-03-27 11:13:20,669 INFO    SenderThread:50944 [dir_watcher.py:finish():327] scan save: E:\project\nlp_cnn-main\wandb\run-20220327_110934-k22fs9ja\files\conda-environment.yaml conda-environment.yaml
2022-03-27 11:13:20,669 INFO    SenderThread:50944 [dir_watcher.py:finish():327] scan save: E:\project\nlp_cnn-main\wandb\run-20220327_110934-k22fs9ja\files\config.yaml config.yaml
2022-03-27 11:13:20,674 INFO    SenderThread:50944 [dir_watcher.py:finish():327] scan save: E:\project\nlp_cnn-main\wandb\run-20220327_110934-k22fs9ja\files\output.log output.log
2022-03-27 11:13:20,679 INFO    SenderThread:50944 [dir_watcher.py:finish():327] scan save: E:\project\nlp_cnn-main\wandb\run-20220327_110934-k22fs9ja\files\requirements.txt requirements.txt
2022-03-27 11:13:20,690 INFO    SenderThread:50944 [dir_watcher.py:finish():327] scan save: E:\project\nlp_cnn-main\wandb\run-20220327_110934-k22fs9ja\files\wandb-metadata.json wandb-metadata.json
2022-03-27 11:13:20,690 INFO    SenderThread:50944 [dir_watcher.py:finish():327] scan save: E:\project\nlp_cnn-main\wandb\run-20220327_110934-k22fs9ja\files\wandb-summary.json wandb-summary.json
2022-03-27 11:13:20,690 INFO    SenderThread:50944 [file_pusher.py:finish():145] shutting down file pusher
2022-03-27 11:13:20,690 INFO    SenderThread:50944 [file_pusher.py:join():150] waiting for file pusher
2022-03-27 12:37:11,016 WARNING FileStreamThread:50944 [file_stream.py:request_with_retry():594] requests_with_retry encountered retryable exception: HTTPSConnectionPool(host='api.wandb.ai', port=443): Max retries exceeded with url: /files/8christmas8/nlp_cnn/k22fs9ja/file_stream (Caused by SSLError(SSLEOFError(8, 'EOF occurred in violation of protocol (_ssl.c:1131)'))). func: <bound method Session.post of <requests.sessions.Session object at 0x0000025EB704B070>>, args: ('https://api.wandb.ai/files/8christmas8/nlp_cnn/k22fs9ja/file_stream',), kwargs: {'json': {'complete': False, 'failed': False, 'dropped': 0, 'uploaded': []}}
2022-03-27 12:37:13,255 WARNING FileStreamThread:50944 [file_stream.py:request_with_retry():594] requests_with_retry encountered retryable exception: HTTPSConnectionPool(host='api.wandb.ai', port=443): Max retries exceeded with url: /files/8christmas8/nlp_cnn/k22fs9ja/file_stream (Caused by SSLError(SSLEOFError(8, 'EOF occurred in violation of protocol (_ssl.c:1131)'))). func: <bound method Session.post of <requests.sessions.Session object at 0x0000025EB704B070>>, args: ('https://api.wandb.ai/files/8christmas8/nlp_cnn/k22fs9ja/file_stream',), kwargs: {'json': {'complete': False, 'failed': False, 'dropped': 0, 'uploaded': []}}
2022-03-27 12:37:17,599 WARNING FileStreamThread:50944 [file_stream.py:request_with_retry():594] requests_with_retry encountered retryable exception: HTTPSConnectionPool(host='api.wandb.ai', port=443): Max retries exceeded with url: /files/8christmas8/nlp_cnn/k22fs9ja/file_stream (Caused by SSLError(SSLEOFError(8, 'EOF occurred in violation of protocol (_ssl.c:1131)'))). func: <bound method Session.post of <requests.sessions.Session object at 0x0000025EB704B070>>, args: ('https://api.wandb.ai/files/8christmas8/nlp_cnn/k22fs9ja/file_stream',), kwargs: {'json': {'complete': False, 'failed': False, 'dropped': 0, 'uploaded': []}}
2022-03-27 12:37:25,648 WARNING FileStreamThread:50944 [file_stream.py:request_with_retry():594] requests_with_retry encountered retryable exception: HTTPSConnectionPool(host='api.wandb.ai', port=443): Max retries exceeded with url: /files/8christmas8/nlp_cnn/k22fs9ja/file_stream (Caused by SSLError(SSLEOFError(8, 'EOF occurred in violation of protocol (_ssl.c:1131)'))). func: <bound method Session.post of <requests.sessions.Session object at 0x0000025EB704B070>>, args: ('https://api.wandb.ai/files/8christmas8/nlp_cnn/k22fs9ja/file_stream',), kwargs: {'json': {'complete': False, 'failed': False, 'dropped': 0, 'uploaded': []}}
2022-03-27 12:37:43,956 WARNING FileStreamThread:50944 [file_stream.py:request_with_retry():594] requests_with_retry encountered retryable exception: HTTPSConnectionPool(host='api.wandb.ai', port=443): Max retries exceeded with url: /files/8christmas8/nlp_cnn/k22fs9ja/file_stream (Caused by SSLError(SSLEOFError(8, 'EOF occurred in violation of protocol (_ssl.c:1131)'))). func: <bound method Session.post of <requests.sessions.Session object at 0x0000025EB704B070>>, args: ('https://api.wandb.ai/files/8christmas8/nlp_cnn/k22fs9ja/file_stream',), kwargs: {'json': {'complete': False, 'failed': False, 'dropped': 0, 'uploaded': []}}
2022-03-27 12:38:17,520 WARNING FileStreamThread:50944 [file_stream.py:request_with_retry():594] requests_with_retry encountered retryable exception: HTTPSConnectionPool(host='api.wandb.ai', port=443): Max retries exceeded with url: /files/8christmas8/nlp_cnn/k22fs9ja/file_stream (Caused by SSLError(SSLEOFError(8, 'EOF occurred in violation of protocol (_ssl.c:1131)'))). func: <bound method Session.post of <requests.sessions.Session object at 0x0000025EB704B070>>, args: ('https://api.wandb.ai/files/8christmas8/nlp_cnn/k22fs9ja/file_stream',), kwargs: {'json': {'complete': False, 'failed': False, 'dropped': 0, 'uploaded': []}}
2022-03-27 14:25:00,692 WARNING FileStreamThread:50944 [file_stream.py:request_with_retry():594] requests_with_retry encountered retryable exception: ('Connection aborted.', TimeoutError(10060, '由于连接方在一段时间后没有正确答复或连接的主机没有反应，连接尝试失败。', None, 10060, None)). func: <bound method Session.post of <requests.sessions.Session object at 0x0000025EB704B070>>, args: ('https://api.wandb.ai/files/8christmas8/nlp_cnn/k22fs9ja/file_stream',), kwargs: {'json': {'complete': False, 'failed': False, 'dropped': 0, 'uploaded': []}}
2022-03-27 17:49:34,177 WARNING FileStreamThread:50944 [file_stream.py:request_with_retry():594] requests_with_retry encountered retryable exception: HTTPSConnectionPool(host='api.wandb.ai', port=443): Max retries exceeded with url: /files/8christmas8/nlp_cnn/k22fs9ja/file_stream (Caused by SSLError(SSLEOFError(8, 'EOF occurred in violation of protocol (_ssl.c:1131)'))). func: <bound method Session.post of <requests.sessions.Session object at 0x0000025EB704B070>>, args: ('https://api.wandb.ai/files/8christmas8/nlp_cnn/k22fs9ja/file_stream',), kwargs: {'json': {'complete': False, 'failed': False, 'dropped': 0, 'uploaded': []}}
2022-03-27 17:49:36,500 WARNING FileStreamThread:50944 [file_stream.py:request_with_retry():594] requests_with_retry encountered retryable exception: HTTPSConnectionPool(host='api.wandb.ai', port=443): Max retries exceeded with url: /files/8christmas8/nlp_cnn/k22fs9ja/file_stream (Caused by SSLError(SSLEOFError(8, 'EOF occurred in violation of protocol (_ssl.c:1131)'))). func: <bound method Session.post of <requests.sessions.Session object at 0x0000025EB704B070>>, args: ('https://api.wandb.ai/files/8christmas8/nlp_cnn/k22fs9ja/file_stream',), kwargs: {'json': {'complete': False, 'failed': False, 'dropped': 0, 'uploaded': []}}
2022-03-27 17:49:41,336 WARNING FileStreamThread:50944 [file_stream.py:request_with_retry():594] requests_with_retry encountered retryable exception: HTTPSConnectionPool(host='api.wandb.ai', port=443): Max retries exceeded with url: /files/8christmas8/nlp_cnn/k22fs9ja/file_stream (Caused by SSLError(SSLEOFError(8, 'EOF occurred in violation of protocol (_ssl.c:1131)'))). func: <bound method Session.post of <requests.sessions.Session object at 0x0000025EB704B070>>, args: ('https://api.wandb.ai/files/8christmas8/nlp_cnn/k22fs9ja/file_stream',), kwargs: {'json': {'complete': False, 'failed': False, 'dropped': 0, 'uploaded': []}}
2022-03-27 17:49:50,084 WARNING FileStreamThread:50944 [file_stream.py:request_with_retry():594] requests_with_retry encountered retryable exception: HTTPSConnectionPool(host='api.wandb.ai', port=443): Max retries exceeded with url: /files/8christmas8/nlp_cnn/k22fs9ja/file_stream (Caused by SSLError(SSLEOFError(8, 'EOF occurred in violation of protocol (_ssl.c:1131)'))). func: <bound method Session.post of <requests.sessions.Session object at 0x0000025EB704B070>>, args: ('https://api.wandb.ai/files/8christmas8/nlp_cnn/k22fs9ja/file_stream',), kwargs: {'json': {'complete': False, 'failed': False, 'dropped': 0, 'uploaded': []}}
2022-03-27 17:50:06,244 WARNING FileStreamThread:50944 [file_stream.py:request_with_retry():594] requests_with_retry encountered retryable exception: HTTPSConnectionPool(host='api.wandb.ai', port=443): Max retries exceeded with url: /files/8christmas8/nlp_cnn/k22fs9ja/file_stream (Caused by SSLError(SSLEOFError(8, 'EOF occurred in violation of protocol (_ssl.c:1131)'))). func: <bound method Session.post of <requests.sessions.Session object at 0x0000025EB704B070>>, args: ('https://api.wandb.ai/files/8christmas8/nlp_cnn/k22fs9ja/file_stream',), kwargs: {'json': {'complete': False, 'failed': False, 'dropped': 0, 'uploaded': []}}
2022-03-27 17:50:38,293 WARNING FileStreamThread:50944 [file_stream.py:request_with_retry():594] requests_with_retry encountered retryable exception: HTTPSConnectionPool(host='api.wandb.ai', port=443): Max retries exceeded with url: /files/8christmas8/nlp_cnn/k22fs9ja/file_stream (Caused by SSLError(SSLEOFError(8, 'EOF occurred in violation of protocol (_ssl.c:1131)'))). func: <bound method Session.post of <requests.sessions.Session object at 0x0000025EB704B070>>, args: ('https://api.wandb.ai/files/8christmas8/nlp_cnn/k22fs9ja/file_stream',), kwargs: {'json': {'complete': False, 'failed': False, 'dropped': 0, 'uploaded': []}}
2022-03-27 17:51:49,161 WARNING FileStreamThread:50944 [file_stream.py:request_with_retry():594] requests_with_retry encountered retryable exception: HTTPSConnectionPool(host='api.wandb.ai', port=443): Max retries exceeded with url: /files/8christmas8/nlp_cnn/k22fs9ja/file_stream (Caused by SSLError(SSLEOFError(8, 'EOF occurred in violation of protocol (_ssl.c:1131)'))). func: <bound method Session.post of <requests.sessions.Session object at 0x0000025EB704B070>>, args: ('https://api.wandb.ai/files/8christmas8/nlp_cnn/k22fs9ja/file_stream',), kwargs: {'json': {'complete': False, 'failed': False, 'dropped': 0, 'uploaded': []}}
2022-03-27 17:54:01,441 WARNING FileStreamThread:50944 [file_stream.py:request_with_retry():594] requests_with_retry encountered retryable exception: HTTPSConnectionPool(host='api.wandb.ai', port=443): Max retries exceeded with url: /files/8christmas8/nlp_cnn/k22fs9ja/file_stream (Caused by SSLError(SSLEOFError(8, 'EOF occurred in violation of protocol (_ssl.c:1131)'))). func: <bound method Session.post of <requests.sessions.Session object at 0x0000025EB704B070>>, args: ('https://api.wandb.ai/files/8christmas8/nlp_cnn/k22fs9ja/file_stream',), kwargs: {'json': {'complete': False, 'failed': False, 'dropped': 0, 'uploaded': []}}
2022-03-27 17:59:00,873 WARNING FileStreamThread:50944 [file_stream.py:request_with_retry():594] requests_with_retry encountered retryable exception: HTTPSConnectionPool(host='api.wandb.ai', port=443): Max retries exceeded with url: /files/8christmas8/nlp_cnn/k22fs9ja/file_stream (Caused by SSLError(SSLEOFError(8, 'EOF occurred in violation of protocol (_ssl.c:1131)'))). func: <bound method Session.post of <requests.sessions.Session object at 0x0000025EB704B070>>, args: ('https://api.wandb.ai/files/8christmas8/nlp_cnn/k22fs9ja/file_stream',), kwargs: {'json': {'complete': False, 'failed': False, 'dropped': 0, 'uploaded': []}}
2022-03-27 18:04:26,893 WARNING FileStreamThread:50944 [file_stream.py:request_with_retry():594] requests_with_retry encountered retryable exception: HTTPSConnectionPool(host='api.wandb.ai', port=443): Max retries exceeded with url: /files/8christmas8/nlp_cnn/k22fs9ja/file_stream (Caused by SSLError(SSLEOFError(8, 'EOF occurred in violation of protocol (_ssl.c:1131)'))). func: <bound method Session.post of <requests.sessions.Session object at 0x0000025EB704B070>>, args: ('https://api.wandb.ai/files/8christmas8/nlp_cnn/k22fs9ja/file_stream',), kwargs: {'json': {'complete': False, 'failed': False, 'dropped': 0, 'uploaded': []}}
2022-03-27 18:10:41,277 WARNING FileStreamThread:50944 [file_stream.py:request_with_retry():594] requests_with_retry encountered retryable exception: HTTPSConnectionPool(host='api.wandb.ai', port=443): Max retries exceeded with url: /files/8christmas8/nlp_cnn/k22fs9ja/file_stream (Caused by SSLError(SSLEOFError(8, 'EOF occurred in violation of protocol (_ssl.c:1131)'))). func: <bound method Session.post of <requests.sessions.Session object at 0x0000025EB704B070>>, args: ('https://api.wandb.ai/files/8christmas8/nlp_cnn/k22fs9ja/file_stream',), kwargs: {'json': {'complete': False, 'failed': False, 'dropped': 0, 'uploaded': []}}
2022-03-27 18:16:03,655 WARNING FileStreamThread:50944 [file_stream.py:request_with_retry():594] requests_with_retry encountered retryable exception: ('Connection aborted.', TimeoutError(10060, '由于连接方在一段时间后没有正确答复或连接的主机没有反应，连接尝试失败。', None, 10060, None)). func: <bound method Session.post of <requests.sessions.Session object at 0x0000025EB704B070>>, args: ('https://api.wandb.ai/files/8christmas8/nlp_cnn/k22fs9ja/file_stream',), kwargs: {'json': {'complete': False, 'failed': False, 'dropped': 0, 'uploaded': []}}
2022-03-27 19:23:28,013 WARNING FileStreamThread:50944 [file_stream.py:request_with_retry():594] requests_with_retry encountered retryable exception: HTTPSConnectionPool(host='api.wandb.ai', port=443): Max retries exceeded with url: /files/8christmas8/nlp_cnn/k22fs9ja/file_stream (Caused by SSLError(SSLEOFError(8, 'EOF occurred in violation of protocol (_ssl.c:1131)'))). func: <bound method Session.post of <requests.sessions.Session object at 0x0000025EB704B070>>, args: ('https://api.wandb.ai/files/8christmas8/nlp_cnn/k22fs9ja/file_stream',), kwargs: {'json': {'complete': False, 'failed': False, 'dropped': 0, 'uploaded': []}}
2022-03-27 19:23:30,071 WARNING FileStreamThread:50944 [file_stream.py:request_with_retry():594] requests_with_retry encountered retryable exception: HTTPSConnectionPool(host='api.wandb.ai', port=443): Max retries exceeded with url: /files/8christmas8/nlp_cnn/k22fs9ja/file_stream (Caused by SSLError(SSLEOFError(8, 'EOF occurred in violation of protocol (_ssl.c:1131)'))). func: <bound method Session.post of <requests.sessions.Session object at 0x0000025EB704B070>>, args: ('https://api.wandb.ai/files/8christmas8/nlp_cnn/k22fs9ja/file_stream',), kwargs: {'json': {'complete': False, 'failed': False, 'dropped': 0, 'uploaded': []}}
2022-03-27 19:23:34,582 WARNING FileStreamThread:50944 [file_stream.py:request_with_retry():594] requests_with_retry encountered retryable exception: HTTPSConnectionPool(host='api.wandb.ai', port=443): Max retries exceeded with url: /files/8christmas8/nlp_cnn/k22fs9ja/file_stream (Caused by SSLError(SSLEOFError(8, 'EOF occurred in violation of protocol (_ssl.c:1131)'))). func: <bound method Session.post of <requests.sessions.Session object at 0x0000025EB704B070>>, args: ('https://api.wandb.ai/files/8christmas8/nlp_cnn/k22fs9ja/file_stream',), kwargs: {'json': {'complete': False, 'failed': False, 'dropped': 0, 'uploaded': []}}
2022-03-27 19:23:43,399 WARNING FileStreamThread:50944 [file_stream.py:request_with_retry():594] requests_with_retry encountered retryable exception: HTTPSConnectionPool(host='api.wandb.ai', port=443): Max retries exceeded with url: /files/8christmas8/nlp_cnn/k22fs9ja/file_stream (Caused by SSLError(SSLEOFError(8, 'EOF occurred in violation of protocol (_ssl.c:1131)'))). func: <bound method Session.post of <requests.sessions.Session object at 0x0000025EB704B070>>, args: ('https://api.wandb.ai/files/8christmas8/nlp_cnn/k22fs9ja/file_stream',), kwargs: {'json': {'complete': False, 'failed': False, 'dropped': 0, 'uploaded': []}}
2022-03-27 19:24:02,876 WARNING FileStreamThread:50944 [file_stream.py:request_with_retry():594] requests_with_retry encountered retryable exception: HTTPSConnectionPool(host='api.wandb.ai', port=443): Max retries exceeded with url: /files/8christmas8/nlp_cnn/k22fs9ja/file_stream (Caused by SSLError(SSLEOFError(8, 'EOF occurred in violation of protocol (_ssl.c:1131)'))). func: <bound method Session.post of <requests.sessions.Session object at 0x0000025EB704B070>>, args: ('https://api.wandb.ai/files/8christmas8/nlp_cnn/k22fs9ja/file_stream',), kwargs: {'json': {'complete': False, 'failed': False, 'dropped': 0, 'uploaded': []}}
2022-03-27 19:24:42,771 WARNING FileStreamThread:50944 [file_stream.py:request_with_retry():594] requests_with_retry encountered retryable exception: HTTPSConnectionPool(host='api.wandb.ai', port=443): Max retries exceeded with url: /files/8christmas8/nlp_cnn/k22fs9ja/file_stream (Caused by SSLError(SSLEOFError(8, 'EOF occurred in violation of protocol (_ssl.c:1131)'))). func: <bound method Session.post of <requests.sessions.Session object at 0x0000025EB704B070>>, args: ('https://api.wandb.ai/files/8christmas8/nlp_cnn/k22fs9ja/file_stream',), kwargs: {'json': {'complete': False, 'failed': False, 'dropped': 0, 'uploaded': []}}
2022-03-27 19:25:57,946 WARNING FileStreamThread:50944 [file_stream.py:request_with_retry():594] requests_with_retry encountered retryable exception: HTTPSConnectionPool(host='api.wandb.ai', port=443): Max retries exceeded with url: /files/8christmas8/nlp_cnn/k22fs9ja/file_stream (Caused by SSLError(SSLEOFError(8, 'EOF occurred in violation of protocol (_ssl.c:1131)'))). func: <bound method Session.post of <requests.sessions.Session object at 0x0000025EB704B070>>, args: ('https://api.wandb.ai/files/8christmas8/nlp_cnn/k22fs9ja/file_stream',), kwargs: {'json': {'complete': False, 'failed': False, 'dropped': 0, 'uploaded': []}}
2022-03-27 19:28:12,178 WARNING FileStreamThread:50944 [file_stream.py:request_with_retry():594] requests_with_retry encountered retryable exception: HTTPSConnectionPool(host='api.wandb.ai', port=443): Max retries exceeded with url: /files/8christmas8/nlp_cnn/k22fs9ja/file_stream (Caused by SSLError(SSLEOFError(8, 'EOF occurred in violation of protocol (_ssl.c:1131)'))). func: <bound method Session.post of <requests.sessions.Session object at 0x0000025EB704B070>>, args: ('https://api.wandb.ai/files/8christmas8/nlp_cnn/k22fs9ja/file_stream',), kwargs: {'json': {'complete': False, 'failed': False, 'dropped': 0, 'uploaded': []}}
2022-03-27 19:32:46,264 WARNING FileStreamThread:50944 [file_stream.py:request_with_retry():594] requests_with_retry encountered retryable exception: HTTPSConnectionPool(host='api.wandb.ai', port=443): Max retries exceeded with url: /files/8christmas8/nlp_cnn/k22fs9ja/file_stream (Caused by SSLError(SSLEOFError(8, 'EOF occurred in violation of protocol (_ssl.c:1131)'))). func: <bound method Session.post of <requests.sessions.Session object at 0x0000025EB704B070>>, args: ('https://api.wandb.ai/files/8christmas8/nlp_cnn/k22fs9ja/file_stream',), kwargs: {'json': {'complete': False, 'failed': False, 'dropped': 0, 'uploaded': []}}
2022-03-27 19:38:28,673 WARNING FileStreamThread:50944 [file_stream.py:request_with_retry():594] requests_with_retry encountered retryable exception: HTTPSConnectionPool(host='api.wandb.ai', port=443): Max retries exceeded with url: /files/8christmas8/nlp_cnn/k22fs9ja/file_stream (Caused by SSLError(SSLEOFError(8, 'EOF occurred in violation of protocol (_ssl.c:1131)'))). func: <bound method Session.post of <requests.sessions.Session object at 0x0000025EB704B070>>, args: ('https://api.wandb.ai/files/8christmas8/nlp_cnn/k22fs9ja/file_stream',), kwargs: {'json': {'complete': False, 'failed': False, 'dropped': 0, 'uploaded': []}}
2022-03-27 19:44:33,570 WARNING FileStreamThread:50944 [file_stream.py:request_with_retry():594] requests_with_retry encountered retryable exception: HTTPSConnectionPool(host='api.wandb.ai', port=443): Max retries exceeded with url: /files/8christmas8/nlp_cnn/k22fs9ja/file_stream (Caused by SSLError(SSLEOFError(8, 'EOF occurred in violation of protocol (_ssl.c:1131)'))). func: <bound method Session.post of <requests.sessions.Session object at 0x0000025EB704B070>>, args: ('https://api.wandb.ai/files/8christmas8/nlp_cnn/k22fs9ja/file_stream',), kwargs: {'json': {'complete': False, 'failed': False, 'dropped': 0, 'uploaded': []}}
